          ok  Starting unison for sync solana-rust-dapp-sync
          ok  solana-rust-dapp-sync container still running, restarting unison in container
          ok  Synced /Users/moly/work/first-solana
     success  Unison server started
          ok  Synced /Users/moly/work/first-solana
Unison 2.51.4 (ocaml 4.12.0): Contacting server...
Connected [//81b8d251c288//app_sync -> //kakuni//Users/moly/work/first-solana]
Looking for changes
  Waiting for changes from server
Reconciling changes
Propagating updates
Unison 2.51.4 (ocaml 4.12.0) started propagating changes at 12:13:24.68 on 29 Aug 2021
[BGN] Updating file .docker-sync/daemon.log from /Users/moly/work/first-solana to //81b8d251c288//app_sync
Failed: The source file /Users/moly/work/first-solana/.docker-sync/daemon.log
has been modified during synchronization.  Transfer aborted.
Unison 2.51.4 (ocaml 4.12.0) finished propagating changes at 12:13:24.70 on 29 Aug 2021, 0.020 s
Saving synchronizer state
Synchronization incomplete at 12:13:24  (0 items transferred, 0 skipped, 1 failed)
  failed: .docker-sync/daemon.log
Looking for changes
  Waiting for changes from server
Reconciling changes
Propagating updates
Unison 2.51.4 (ocaml 4.12.0) started propagating changes at 12:13:26.74 on 29 Aug 2021
[BGN] Updating file .docker-sync/daemon.log from /Users/moly/work/first-solana to //81b8d251c288//app_sync
Failed: The source file /Users/moly/work/first-solana/.docker-sync/daemon.log
has been modified during synchronization.  Transfer aborted.
Unison 2.51.4 (ocaml 4.12.0) finished propagating changes at 12:13:26.74 on 29 Aug 2021, 0.008 s
Saving synchronizer state
Synchronization incomplete at 12:13:26  (0 items transferred, 0 skipped, 1 failed)
  failed: .docker-sync/daemon.log
Looking for changes
  Waiting for changes from server
Reconciling changes
Nothing to do: replicas have not changed since last sync.
Looking for changes
  Waiting for changes from server
Reconciling changes
Propagating updates
Unison 2.51.4 (ocaml 4.12.0) started propagating changes at 12:13:31.74 on 29 Aug 2021
[BGN] Updating file .docker-sync/daemon.log from /Users/moly/work/first-solana to //81b8d251c288//app_sync
Failed: The source file /Users/moly/work/first-solana/.docker-sync/daemon.log
has been modified during synchronization.  Transfer aborted.
Unison 2.51.4 (ocaml 4.12.0) finished propagating changes at 12:13:31.75 on 29 Aug 2021, 0.010 s
Saving synchronizer state
Synchronization incomplete at 12:13:31  (0 items transferred, 0 skipped, 1 failed)
  failed: .docker-sync/daemon.log
Looking for changes
  Waiting for changes from server
Reconciling changes
Nothing to do: replicas have not changed since last sync.
Looking for changes
  Waiting for changes from server
Reconciling changes
Propagating updates
Unison 2.51.4 (ocaml 4.12.0) started propagating changes at 12:13:41.75 on 29 Aug 2021
[BGN] Updating file .docker-sync/daemon.log from /Users/moly/work/first-solana to //81b8d251c288//app_sync
Failed: The source file /Users/moly/work/first-solana/.docker-sync/daemon.log
has been modified during synchronization.  Transfer aborted.
Unison 2.51.4 (ocaml 4.12.0) finished propagating changes at 12:13:41.76 on 29 Aug 2021, 0.016 s
Saving synchronizer state
Synchronization incomplete at 12:13:41  (0 items transferred, 0 skipped, 1 failed)
  failed: .docker-sync/daemon.log
Looking for changes
  Waiting for changes from server
Reconciling changes
Nothing to do: replicas have not changed since last sync.
Looking for changes
  Waiting for changes from server
Reconciling changes
Propagating updates
Unison 2.51.4 (ocaml 4.12.0) started propagating changes at 12:13:44.80 on 29 Aug 2021
[BGN] Updating file .docker-sync/daemon.log from /Users/moly/work/first-solana to //81b8d251c288//app_sync
[BGN] Updating file docker-compose.yml from /Users/moly/work/first-solana to //81b8d251c288//app_sync
Failed: The source file /Users/moly/work/first-solana/.docker-sync/daemon.log
has been modified during synchronization.  Transfer aborted.
[END] Updating file docker-compose.yml
Unison 2.51.4 (ocaml 4.12.0) finished propagating changes at 12:13:44.81 on 29 Aug 2021, 0.007 s
Saving synchronizer state
Synchronization incomplete at 12:13:44  (1 item transferred, 0 skipped, 1 failed)
  failed: .docker-sync/daemon.log
Looking for changes
  Waiting for changes from server
Reconciling changes
Nothing to do: replicas have not changed since last sync.
Looking for changes
  Waiting for changes from server
Reconciling changes
Propagating updates
Unison 2.51.4 (ocaml 4.12.0) started propagating changes at 12:14:01.74 on 29 Aug 2021
[BGN] Updating file .docker-sync/daemon.log from /Users/moly/work/first-solana to //81b8d251c288//app_sync
Failed: The source file /Users/moly/work/first-solana/.docker-sync/daemon.log
has been modified during synchronization.  Transfer aborted.
Unison 2.51.4 (ocaml 4.12.0) finished propagating changes at 12:14:01.75 on 29 Aug 2021, 0.007 s
Saving synchronizer state
Synchronization incomplete at 12:14:01  (0 items transferred, 0 skipped, 1 failed)
  failed: .docker-sync/daemon.log
Looking for changes
  Waiting for changes from server
Reconciling changes
Nothing to do: replicas have not changed since last sync.
Looking for changes
  Waiting for changes from server
Reconciling changes
Propagating updates
Unison 2.51.4 (ocaml 4.12.0) started propagating changes at 12:14:41.75 on 29 Aug 2021
[BGN] Updating file .docker-sync/daemon.log from /Users/moly/work/first-solana to //81b8d251c288//app_sync
Failed: The source file /Users/moly/work/first-solana/.docker-sync/daemon.log
has been modified during synchronization.  Transfer aborted.
Unison 2.51.4 (ocaml 4.12.0) finished propagating changes at 12:14:41.76 on 29 Aug 2021, 0.015 s
Saving synchronizer state
Synchronization incomplete at 12:14:41  (0 items transferred, 0 skipped, 1 failed)
  failed: .docker-sync/daemon.log
Looking for changes
  Waiting for changes from server
Reconciling changes
Nothing to do: replicas have not changed since last sync.
Looking for changes
  Waiting for changes from server
Reconciling changes
Propagating updates
Unison 2.51.4 (ocaml 4.12.0) started propagating changes at 12:16:01.76 on 29 Aug 2021
[BGN] Updating file .docker-sync/daemon.log from /Users/moly/work/first-solana to //81b8d251c288//app_sync
Failed: The source file /Users/moly/work/first-solana/.docker-sync/daemon.log
has been modified during synchronization.  Transfer aborted.
Unison 2.51.4 (ocaml 4.12.0) finished propagating changes at 12:16:01.78 on 29 Aug 2021, 0.017 s
Saving synchronizer state
Synchronization incomplete at 12:16:01  (0 items transferred, 0 skipped, 1 failed)
  failed: .docker-sync/daemon.log
Looking for changes
  Waiting for changes from server
Reconciling changes
Nothing to do: replicas have not changed since last sync.
Looking for changes
  Waiting for changes from server
Reconciling changes
Propagating updates
Unison 2.51.4 (ocaml 4.12.0) started propagating changes at 12:18:41.78 on 29 Aug 2021
[BGN] Updating file .docker-sync/daemon.log from /Users/moly/work/first-solana to //81b8d251c288//app_sync
Failed: The source file /Users/moly/work/first-solana/.docker-sync/daemon.log
has been modified during synchronization.  Transfer aborted.
Unison 2.51.4 (ocaml 4.12.0) finished propagating changes at 12:18:41.80 on 29 Aug 2021, 0.020 s
Saving synchronizer state
Synchronization incomplete at 12:18:41  (0 items transferred, 0 skipped, 1 failed)
  failed: .docker-sync/daemon.log
Looking for changes
  Waiting for changes from server
Reconciling changes
Nothing to do: replicas have not changed since last sync.
Looking for changes
  Waiting for changes from server
Reconciling changes
Propagating updates
Unison 2.51.4 (ocaml 4.12.0) started propagating changes at 12:18:55.73 on 29 Aug 2021
[BGN] Updating file .docker-sync/daemon.log from /Users/moly/work/first-solana to //81b8d251c288//app_sync
[BGN] Updating file docker-compose.yml from /Users/moly/work/first-solana to //81b8d251c288//app_sync
Failed: The source file /Users/moly/work/first-solana/.docker-sync/daemon.log
has been modified during synchronization.  Transfer aborted.
[END] Updating file docker-compose.yml
Unison 2.51.4 (ocaml 4.12.0) finished propagating changes at 12:18:55.75 on 29 Aug 2021, 0.025 s
Saving synchronizer state
Synchronization incomplete at 12:18:55  (1 item transferred, 0 skipped, 1 failed)
  failed: .docker-sync/daemon.log
Looking for changes
  Waiting for changes from server
Reconciling changes
Nothing to do: replicas have not changed since last sync.
Looking for changes
  Waiting for changes from server
Reconciling changes
Propagating updates
Unison 2.51.4 (ocaml 4.12.0) started propagating changes at 12:20:33.97 on 29 Aug 2021
[BGN] Updating file .docker-sync/daemon.log from /Users/moly/work/first-solana to //81b8d251c288//app_sync
Failed: The source file /Users/moly/work/first-solana/.docker-sync/daemon.log
has been modified during synchronization.  Transfer aborted.
Unison 2.51.4 (ocaml 4.12.0) finished propagating changes at 12:20:34.01 on 29 Aug 2021, 0.040 s
Saving synchronizer state
Synchronization incomplete at 12:20:34  (0 items transferred, 0 skipped, 1 failed)
  failed: .docker-sync/daemon.log
Looking for changes
  Waiting for changes from server
Reconciling changes
Propagating updates
Unison 2.51.4 (ocaml 4.12.0) started propagating changes at 12:20:36.03 on 29 Aug 2021
[BGN] Updating file .docker-sync/daemon.log from /Users/moly/work/first-solana to //81b8d251c288//app_sync
Failed: The source file /Users/moly/work/first-solana/.docker-sync/daemon.log
has been modified during synchronization.  Transfer aborted.
Unison 2.51.4 (ocaml 4.12.0) finished propagating changes at 12:20:36.03 on 29 Aug 2021, 0.006 s
Saving synchronizer state
Synchronization incomplete at 12:20:36  (0 items transferred, 0 skipped, 1 failed)
  failed: .docker-sync/daemon.log
Looking for changes
  Waiting for changes from server
Reconciling changes
Propagating updates
Unison 2.51.4 (ocaml 4.12.0) started propagating changes at 12:20:38.05 on 29 Aug 2021
[BGN] Updating file .docker-sync/daemon.log from /Users/moly/work/first-solana to //81b8d251c288//app_sync
Failed: The source file /Users/moly/work/first-solana/.docker-sync/daemon.log
has been modified during synchronization.  Transfer aborted.
Unison 2.51.4 (ocaml 4.12.0) finished propagating changes at 12:20:38.05 on 29 Aug 2021, 0.006 s
Saving synchronizer state
Synchronization incomplete at 12:20:38  (0 items transferred, 0 skipped, 1 failed)
  failed: .docker-sync/daemon.log
Looking for changes
  Waiting for changes from server
Reconciling changes
Nothing to do: replicas have not changed since last sync.
Looking for changes
  Waiting for changes from server
Reconciling changes
Propagating updates
Unison 2.51.4 (ocaml 4.12.0) started propagating changes at 12:24:01.86 on 29 Aug 2021
[BGN] Updating file .docker-sync/daemon.log from /Users/moly/work/first-solana to //81b8d251c288//app_sync
Failed: The source file /Users/moly/work/first-solana/.docker-sync/daemon.log
has been modified during synchronization.  Transfer aborted.
Unison 2.51.4 (ocaml 4.12.0) finished propagating changes at 12:24:01.90 on 29 Aug 2021, 0.040 s
Saving synchronizer state
Synchronization incomplete at 12:24:01  (0 items transferred, 0 skipped, 1 failed)
  failed: .docker-sync/daemon.log
Looking for changes
  Waiting for changes from server
Reconciling changes
Nothing to do: replicas have not changed since last sync.
Looking for changes
  Waiting for changes from server
Reconciling changes
Propagating updates
Unison 2.51.4 (ocaml 4.12.0) started propagating changes at 12:25:55.74 on 29 Aug 2021
[BGN] Updating file .docker-sync/daemon.log from /Users/moly/work/first-solana to //81b8d251c288//app_sync
[BGN] Updating file Dockerfile from /Users/moly/work/first-solana to //81b8d251c288//app_sync
Failed: The source file /Users/moly/work/first-solana/.docker-sync/daemon.log
has been modified during synchronization.  Transfer aborted.
[END] Updating file Dockerfile
Unison 2.51.4 (ocaml 4.12.0) finished propagating changes at 12:25:55.78 on 29 Aug 2021, 0.041 s
Saving synchronizer state
Synchronization incomplete at 12:25:55  (1 item transferred, 0 skipped, 1 failed)
  failed: .docker-sync/daemon.log
Looking for changes
  Waiting for changes from server
Reconciling changes
Nothing to do: replicas have not changed since last sync.
Looking for changes
  Waiting for changes from server
Reconciling changes
Propagating updates
Unison 2.51.4 (ocaml 4.12.0) started propagating changes at 12:26:19.52 on 29 Aug 2021
[BGN] Updating file .docker-sync/daemon.log from /Users/moly/work/first-solana to //81b8d251c288//app_sync
[BGN] Copying Makefile from /Users/moly/work/first-solana to //81b8d251c288//app_sync
Failed: The source file /Users/moly/work/first-solana/.docker-sync/daemon.log
has been modified during synchronization.  Transfer aborted.
[END] Copying Makefile
Unison 2.51.4 (ocaml 4.12.0) finished propagating changes at 12:26:19.55 on 29 Aug 2021, 0.028 s
Saving synchronizer state
Synchronization incomplete at 12:26:19  (1 item transferred, 0 skipped, 1 failed)
  failed: .docker-sync/daemon.log
Looking for changes
  Waiting for changes from server
Reconciling changes
Nothing to do: replicas have not changed since last sync.
Looking for changes
  Waiting for changes from server
Reconciling changes
Propagating updates
Unison 2.51.4 (ocaml 4.12.0) started propagating changes at 12:26:25.66 on 29 Aug 2021
[BGN] Updating file .docker-sync/daemon.log from /Users/moly/work/first-solana to //81b8d251c288//app_sync
[BGN] Updating file Makefile from /Users/moly/work/first-solana to //81b8d251c288//app_sync
Failed: The source file /Users/moly/work/first-solana/.docker-sync/daemon.log
has been modified during synchronization.  Transfer aborted.
[END] Updating file Makefile
Unison 2.51.4 (ocaml 4.12.0) finished propagating changes at 12:26:25.68 on 29 Aug 2021, 0.020 s
Saving synchronizer state
Synchronization incomplete at 12:26:25  (1 item transferred, 0 skipped, 1 failed)
  failed: .docker-sync/daemon.log
Looking for changes
  Waiting for changes from server
Reconciling changes
Nothing to do: replicas have not changed since last sync.
Looking for changes
  Waiting for changes from server
Reconciling changes
Propagating updates
Unison 2.51.4 (ocaml 4.12.0) started propagating changes at 12:27:12.99 on 29 Aug 2021
[BGN] Updating file .docker-sync/daemon.log from /Users/moly/work/first-solana to //81b8d251c288//app_sync
[BGN] Updating file Makefile from /Users/moly/work/first-solana to //81b8d251c288//app_sync
Failed: The source file /Users/moly/work/first-solana/.docker-sync/daemon.log
has been modified during synchronization.  Transfer aborted.
[END] Updating file Makefile
Unison 2.51.4 (ocaml 4.12.0) finished propagating changes at 12:27:13.00 on 29 Aug 2021, 0.009 s
Saving synchronizer state
Synchronization incomplete at 12:27:13  (1 item transferred, 0 skipped, 1 failed)
  failed: .docker-sync/daemon.log
Looking for changes
  Waiting for changes from server
Reconciling changes
Propagating updates
Unison 2.51.4 (ocaml 4.12.0) started propagating changes at 12:27:15.02 on 29 Aug 2021
[BGN] Updating file .docker-sync/daemon.log from /Users/moly/work/first-solana to //81b8d251c288//app_sync
Failed: The source file /Users/moly/work/first-solana/.docker-sync/daemon.log
has been modified during synchronization.  Transfer aborted.
Unison 2.51.4 (ocaml 4.12.0) finished propagating changes at 12:27:15.03 on 29 Aug 2021, 0.006 s
Saving synchronizer state
Synchronization incomplete at 12:27:15  (0 items transferred, 0 skipped, 1 failed)
  failed: .docker-sync/daemon.log
Looking for changes
  Waiting for changes from server
Reconciling changes
Propagating updates
Unison 2.51.4 (ocaml 4.12.0) started propagating changes at 12:27:17.04 on 29 Aug 2021
[BGN] Updating file .docker-sync/daemon.log from /Users/moly/work/first-solana to //81b8d251c288//app_sync
Failed: The source file /Users/moly/work/first-solana/.docker-sync/daemon.log
has been modified during synchronization.  Transfer aborted.
Unison 2.51.4 (ocaml 4.12.0) finished propagating changes at 12:27:17.06 on 29 Aug 2021, 0.017 s
Saving synchronizer state
Synchronization incomplete at 12:27:17  (0 items transferred, 0 skipped, 1 failed)
  failed: .docker-sync/daemon.log
Looking for changes
  Waiting for changes from server
Reconciling changes
Nothing to do: replicas have not changed since last sync.
Looking for changes
  Waiting for changes from server
Reconciling changes
Propagating updates
Unison 2.51.4 (ocaml 4.12.0) started propagating changes at 12:34:41.82 on 29 Aug 2021
[BGN] Updating file .docker-sync/daemon.log from /Users/moly/work/first-solana to //81b8d251c288//app_sync
Failed: The source file /Users/moly/work/first-solana/.docker-sync/daemon.log
has been modified during synchronization.  Transfer aborted.
Unison 2.51.4 (ocaml 4.12.0) finished propagating changes at 12:34:41.83 on 29 Aug 2021, 0.009 s
Saving synchronizer state
Synchronization incomplete at 12:34:41  (0 items transferred, 0 skipped, 1 failed)
  failed: .docker-sync/daemon.log
Looking for changes
  Waiting for changes from server
Reconciling changes
Nothing to do: replicas have not changed since last sync.
Looking for changes
  Waiting for changes from server
Reconciling changes
Propagating updates
Unison 2.51.4 (ocaml 4.12.0) started propagating changes at 12:43:36.00 on 29 Aug 2021
[BGN] Updating file .docker-sync/daemon.log from /Users/moly/work/first-solana to //81b8d251c288//app_sync
[BGN] Copying .git from /Users/moly/work/first-solana to //81b8d251c288//app_sync
Failed: The source file /Users/moly/work/first-solana/.docker-sync/daemon.log
has been modified during synchronization.  Transfer aborted.
[END] Copying .git
Unison 2.51.4 (ocaml 4.12.0) finished propagating changes at 12:43:36.10 on 29 Aug 2021, 0.096 s
Saving synchronizer state
Synchronization incomplete at 12:43:36  (1 item transferred, 0 skipped, 1 failed)
  failed: .docker-sync/daemon.log
Looking for changes
  Waiting for changes from server
Reconciling changes
Nothing to do: replicas have not changed since last sync.
